#
# There is insufficient memory for the Java Runtime Environment to continue.
# Native memory allocation (malloc) failed to allocate 1141456 bytes for Chunk::new
# Possible reasons:
#   The system is out of physical RAM or swap space
#   The process is running with CompressedOops enabled, and the Java Heap may be blocking the growth of the native heap
# Possible solutions:
#   Reduce memory load on the system
#   Increase physical memory or swap space
#   Check if swap backing store is full
#   Decrease Java heap size (-Xmx/-Xms)
#   Decrease number of Java threads
#   Decrease Java thread stack sizes (-Xss)
#   Set larger code cache with -XX:ReservedCodeCacheSize=
#   JVM is running with Unscaled Compressed Oops mode in which the Java heap is
#     placed in the first 4GB address space. The Java Heap base address is the
#     maximum limit for the native heap growth. Please use -XX:HeapBaseMinAddress
#     to set the Java Heap base and to place the Java Heap above 4GB virtual address.
# This output file may be truncated or incomplete.
#
#  Out of Memory Error (arena.cpp:168), pid=17352, tid=17784
#
# JRE version: Java(TM) SE Runtime Environment (21.0.1+12) (build 21.0.1+12-LTS-29)
# Java VM: Java HotSpot(TM) 64-Bit Server VM (21.0.1+12-LTS-29, mixed mode, sharing, tiered, compressed oops, compressed class ptrs, g1 gc, windows-amd64)
# No core dump will be written. Minidumps are not enabled by default on client versions of Windows
#

---------------  S U M M A R Y ------------

Command Line: -Dfile.encoding=UTF-8 -Dstdout.encoding=UTF-8 -Dstderr.encoding=UTF-8 -XX:+ShowCodeDetailsInExceptionMessages com.mymart.MyMartApplication

Host: Intel(R) Core(TM) i5-7300U CPU @ 2.60GHz, 4 cores, 7G,  Windows 10 , 64 bit Build 19041 (10.0.19041.3636)
Time: Thu Jun  6 12:33:53 2024 India Standard Time elapsed time: 2714.335341 seconds (0d 0h 45m 14s)

---------------  T H R E A D  ---------------

Current thread (0x00000200eddb5990):  JavaThread "C2 CompilerThread0" daemon [_thread_in_native, id=17784, stack(0x000000f5d6500000,0x000000f5d6600000) (1024K)]


Current CompileTask:
C2:2714335 20246       4       org.hibernate.sql.results.graph.entity.AbstractEntityInitializer::initializeEntityInstance (397 bytes)

Stack: [0x000000f5d6500000,0x000000f5d6600000]
Native frames: (J=compiled Java code, j=interpreted, Vv=VM code, C=native code)
V  [jvm.dll+0x6c9029]
V  [jvm.dll+0x854b81]
V  [jvm.dll+0x856e5e]
V  [jvm.dll+0x857543]
V  [jvm.dll+0x280c06]
V  [jvm.dll+0xc3ead]
V  [jvm.dll+0xc43c3]
V  [jvm.dll+0x3b5732]
V  [jvm.dll+0x382475]
V  [jvm.dll+0x3818ea]
V  [jvm.dll+0x249ad0]
V  [jvm.dll+0x2490b1]
V  [jvm.dll+0x1c9ca1]
V  [jvm.dll+0x2586b9]
V  [jvm.dll+0x256c9a]
V  [jvm.dll+0x3ef1b6]
V  [jvm.dll+0x7fd728]
V  [jvm.dll+0x6c777d]
C  [ucrtbase.dll+0x21bb2]
C  [KERNEL32.DLL+0x17344]
C  [ntdll.dll+0x526b1]


---------------  P R O C E S S  ---------------

Threads class SMR info:
_java_thread_list=0x00000200f6d9e980, length=30, elements={
0x00000200edda6c10, 0x00000200edda91d0, 0x00000200eddaba10, 0x00000200eddae630,
0x00000200eddaf830, 0x00000200eddb0290, 0x00000200eddb5990, 0x00000200eddc8de0,
0x00000200f20e45b0, 0x00000200f2100b40, 0x00000200f589c0e0, 0x00000200f491f8e0,
0x00000200f491f250, 0x00000200f7665ab0, 0x00000200f765f1b0, 0x00000200f76667d0,
0x00000200f7664070, 0x00000200f7662630, 0x00000200f7661280, 0x00000200f49219b0,
0x00000200f491ebc0, 0x00000200f4920600, 0x00000200f491dea0, 0x00000200f4920c90,
0x00000200f491d180, 0x00000200f4922d60, 0x00000200f4921320, 0x00000200f491e530,
0x00000200f49226d0, 0x00000200f491d810
}

Java Threads: ( => current thread )
  0x00000200edda6c10 JavaThread "Reference Handler"          daemon [_thread_blocked, id=18020, stack(0x000000f5d5f00000,0x000000f5d6000000) (1024K)]
  0x00000200edda91d0 JavaThread "Finalizer"                  daemon [_thread_blocked, id=14304, stack(0x000000f5d6000000,0x000000f5d6100000) (1024K)]
  0x00000200eddaba10 JavaThread "Signal Dispatcher"          daemon [_thread_blocked, id=16128, stack(0x000000f5d6100000,0x000000f5d6200000) (1024K)]
  0x00000200eddae630 JavaThread "Attach Listener"            daemon [_thread_blocked, id=9712, stack(0x000000f5d6200000,0x000000f5d6300000) (1024K)]
  0x00000200eddaf830 JavaThread "Service Thread"             daemon [_thread_blocked, id=17896, stack(0x000000f5d6300000,0x000000f5d6400000) (1024K)]
  0x00000200eddb0290 JavaThread "Monitor Deflation Thread"   daemon [_thread_blocked, id=15700, stack(0x000000f5d6400000,0x000000f5d6500000) (1024K)]
=>0x00000200eddb5990 JavaThread "C2 CompilerThread0"         daemon [_thread_in_native, id=17784, stack(0x000000f5d6500000,0x000000f5d6600000) (1024K)]
  0x00000200eddc8de0 JavaThread "C1 CompilerThread0"         daemon [_thread_blocked, id=11808, stack(0x000000f5d6600000,0x000000f5d6700000) (1024K)]
  0x00000200f20e45b0 JavaThread "Notification Thread"        daemon [_thread_blocked, id=10572, stack(0x000000f5d6700000,0x000000f5d6800000) (1024K)]
  0x00000200f2100b40 JavaThread "Common-Cleaner"             daemon [_thread_blocked, id=1788, stack(0x000000f5d6800000,0x000000f5d6900000) (1024K)]
  0x00000200f589c0e0 JavaThread "mysql-cj-abandoned-connection-cleanup" daemon [_thread_blocked, id=8348, stack(0x000000f5d7200000,0x000000f5d7300000) (1024K)]
  0x00000200f491f8e0 JavaThread "Live Reload Server"         daemon [_thread_in_native, id=11844, stack(0x000000f5d7700000,0x000000f5d7800000) (1024K)]
  0x00000200f491f250 JavaThread "DestroyJavaVM"                     [_thread_blocked, id=11984, stack(0x000000f5d5700000,0x000000f5d5800000) (1024K)]
  0x00000200f7665ab0 JavaThread "Catalina-utility-1"                [_thread_blocked, id=18604, stack(0x000000f5d6d00000,0x000000f5d6e00000) (1024K)]
  0x00000200f765f1b0 JavaThread "Catalina-utility-2"                [_thread_blocked, id=10472, stack(0x000000f5d6e00000,0x000000f5d6f00000) (1024K)]
  0x00000200f76667d0 JavaThread "container-0"                       [_thread_blocked, id=10996, stack(0x000000f5d6f00000,0x000000f5d7000000) (1024K)]
  0x00000200f7664070 JavaThread "HikariPool-2 housekeeper"   daemon [_thread_blocked, id=972, stack(0x000000f5d7000000,0x000000f5d7100000) (1024K)]
  0x00000200f7662630 JavaThread "File Watcher"               daemon [_thread_blocked, id=18124, stack(0x000000f5d5600000,0x000000f5d5700000) (1024K)]
  0x00000200f7661280 JavaThread "http-nio-8080-exec-1"       daemon [_thread_blocked, id=17448, stack(0x000000f5d7400000,0x000000f5d7500000) (1024K)]
  0x00000200f49219b0 JavaThread "http-nio-8080-exec-2"       daemon [_thread_blocked, id=5308, stack(0x000000f5d7500000,0x000000f5d7600000) (1024K)]
  0x00000200f491ebc0 JavaThread "http-nio-8080-exec-3"       daemon [_thread_blocked, id=3956, stack(0x000000f5d7600000,0x000000f5d7700000) (1024K)]
  0x00000200f4920600 JavaThread "http-nio-8080-exec-4"       daemon [_thread_blocked, id=10928, stack(0x000000f5d7800000,0x000000f5d7900000) (1024K)]
  0x00000200f491dea0 JavaThread "http-nio-8080-exec-5"       daemon [_thread_blocked, id=16724, stack(0x000000f5d7900000,0x000000f5d7a00000) (1024K)]
  0x00000200f4920c90 JavaThread "http-nio-8080-exec-6"       daemon [_thread_blocked, id=9728, stack(0x000000f5d7a00000,0x000000f5d7b00000) (1024K)]
  0x00000200f491d180 JavaThread "http-nio-8080-exec-7"       daemon [_thread_blocked, id=15252, stack(0x000000f5d7b00000,0x000000f5d7c00000) (1024K)]
  0x00000200f4922d60 JavaThread "http-nio-8080-exec-8"       daemon [_thread_blocked, id=14344, stack(0x000000f5d7c00000,0x000000f5d7d00000) (1024K)]
  0x00000200f4921320 JavaThread "http-nio-8080-exec-9"       daemon [_thread_blocked, id=5668, stack(0x000000f5d7d00000,0x000000f5d7e00000) (1024K)]
  0x00000200f491e530 JavaThread "http-nio-8080-exec-10"      daemon [_thread_blocked, id=7404, stack(0x000000f5d7e00000,0x000000f5d7f00000) (1024K)]
  0x00000200f49226d0 JavaThread "http-nio-8080-Poller"       daemon [_thread_in_native, id=12432, stack(0x000000f5d7f00000,0x000000f5d8000000) (1024K)]
  0x00000200f491d810 JavaThread "http-nio-8080-Acceptor"     daemon [_thread_in_native, id=1136, stack(0x000000f5d8000000,0x000000f5d8100000) (1024K)]
Total: 30

Other Threads:
  0x00000200edd856e0 VMThread "VM Thread"                           [id=18296, stack(0x000000f5d5e00000,0x000000f5d5f00000) (1024K)]
  0x00000200edd6da50 WatcherThread "VM Periodic Task Thread"        [id=7032, stack(0x000000f5d5d00000,0x000000f5d5e00000) (1024K)]
  0x00000200cfe2c460 WorkerThread "GC Thread#0"                     [id=14048, stack(0x000000f5d5800000,0x000000f5d5900000) (1024K)]
  0x00000200f28fcc10 WorkerThread "GC Thread#1"                     [id=18208, stack(0x000000f5d6a00000,0x000000f5d6b00000) (1024K)]
  0x00000200f28fcfb0 WorkerThread "GC Thread#2"                     [id=19216, stack(0x000000f5d6b00000,0x000000f5d6c00000) (1024K)]
  0x00000200f29dc0c0 WorkerThread "GC Thread#3"                     [id=7356, stack(0x000000f5d6c00000,0x000000f5d6d00000) (1024K)]
  0x00000200cfe3df20 ConcurrentGCThread "G1 Main Marker"            [id=14184, stack(0x000000f5d5900000,0x000000f5d5a00000) (1024K)]
  0x00000200cfe3f280 WorkerThread "G1 Conc#0"                       [id=10292, stack(0x000000f5d5a00000,0x000000f5d5b00000) (1024K)]
  0x00000200edc420b0 ConcurrentGCThread "G1 Refine#0"               [id=18344, stack(0x000000f5d5b00000,0x000000f5d5c00000) (1024K)]
  0x00000200cfe9e260 ConcurrentGCThread "G1 Service"                [id=16596, stack(0x000000f5d5c00000,0x000000f5d5d00000) (1024K)]
Total: 10

Threads with active compile tasks:
C2 CompilerThread0  2714378 20246       4       org.hibernate.sql.results.graph.entity.AbstractEntityInitializer::initializeEntityInstance (397 bytes)
Total: 1

VM state: not at safepoint (normal execution)

VM Mutex/Monitor currently owned by a thread: None

Heap address: 0x0000000082200000, size: 2014 MB, Compressed Oops mode: 32-bit

CDS archive(s) mapped at: [0x0000020080000000-0x0000020080c90000-0x0000020080c90000), size 13172736, SharedBaseAddress: 0x0000020080000000, ArchiveRelocationMode: 1.
Compressed class space mapped at: 0x0000020081000000-0x00000200c1000000, reserved size: 1073741824
Narrow klass base: 0x0000020080000000, Narrow klass shift: 0, Narrow klass range: 0x100000000

GC Precious Log:
 CardTable entry size: 512
 Card Set container configuration: InlinePtr #cards 5 size 8 Array Of Cards #cards 12 size 40 Howl #buckets 4 coarsen threshold 1843 Howl Bitmap #cards 512 size 80 coarsen threshold 460 Card regions per heap region 1 cards per card region 2048
 CPUs: 4 total, 4 available
 Memory: 8050M
 Large Page Support: Disabled
 NUMA Support: Disabled
 Compressed Oops: Enabled (32-bit)
 Heap Region Size: 1M
 Heap Min Capacity: 8M
 Heap Initial Capacity: 126M
 Heap Max Capacity: 2014M
 Pre-touch: Disabled
 Parallel Workers: 4
 Concurrent Workers: 1
 Concurrent Refinement Workers: 4
 Periodic GC: Disabled

Heap:
 garbage-first heap   total 142336K, used 61454K [0x0000000082200000, 0x0000000100000000)
  region size 1024K, 3 young (3072K), 2 survivors (2048K)
 Metaspace       used 100538K, committed 101632K, reserved 1179648K
  class space    used 12426K, committed 12928K, reserved 1048576K

Heap Regions: E=young(eden), S=young(survivor), O=old, HS=humongous(starts), HC=humongous(continues), CS=collection set, F=free, TAMS=top-at-mark-start, PB=parsable bottom
|   0|0x0000000082200000, 0x0000000082300000, 0x0000000082300000|100%|HS|  |TAMS 0x0000000082300000| PB 0x0000000082200000| Complete 
|   1|0x0000000082300000, 0x00000000823fffe8, 0x0000000082400000| 99%| O|  |TAMS 0x00000000823fffe8| PB 0x0000000082300000| Untracked 
|   2|0x0000000082400000, 0x0000000082500000, 0x0000000082500000|100%| O|  |TAMS 0x0000000082500000| PB 0x0000000082400000| Untracked 
|   3|0x0000000082500000, 0x0000000082600000, 0x0000000082600000|100%| O|  |TAMS 0x0000000082600000| PB 0x0000000082500000| Untracked 
|   4|0x0000000082600000, 0x00000000826fffd8, 0x0000000082700000| 99%| O|  |TAMS 0x00000000826fffd8| PB 0x0000000082600000| Untracked 
|   5|0x0000000082700000, 0x0000000082800000, 0x0000000082800000|100%| O|  |TAMS 0x0000000082800000| PB 0x0000000082700000| Untracked 
|   6|0x0000000082800000, 0x00000000828fffb0, 0x0000000082900000| 99%| O|  |TAMS 0x00000000828fffb0| PB 0x0000000082800000| Untracked 
|   7|0x0000000082900000, 0x0000000082a00000, 0x0000000082a00000|100%| O|  |TAMS 0x0000000082a00000| PB 0x0000000082900000| Untracked 
|   8|0x0000000082a00000, 0x0000000082affff0, 0x0000000082b00000| 99%| O|  |TAMS 0x0000000082affff0| PB 0x0000000082a00000| Untracked 
|   9|0x0000000082b00000, 0x0000000082bfe638, 0x0000000082c00000| 99%| O|  |TAMS 0x0000000082bfe638| PB 0x0000000082b00000| Untracked 
|  10|0x0000000082c00000, 0x0000000082cfffb8, 0x0000000082d00000| 99%| O|  |TAMS 0x0000000082cfffb8| PB 0x0000000082c00000| Untracked 
|  11|0x0000000082d00000, 0x0000000082defc90, 0x0000000082e00000| 93%| O|  |TAMS 0x0000000082defc90| PB 0x0000000082d00000| Untracked 
|  12|0x0000000082e00000, 0x0000000082f00000, 0x0000000082f00000|100%| O|  |TAMS 0x0000000082f00000| PB 0x0000000082e00000| Untracked 
|  13|0x0000000082f00000, 0x0000000082ffffa0, 0x0000000083000000| 99%| O|  |TAMS 0x0000000082ffffa0| PB 0x0000000082f00000| Untracked 
|  14|0x0000000083000000, 0x0000000083100000, 0x0000000083100000|100%| O|  |TAMS 0x0000000083100000| PB 0x0000000083000000| Untracked 
|  15|0x0000000083100000, 0x00000000831ffff0, 0x0000000083200000| 99%| O|  |TAMS 0x00000000831ffff0| PB 0x0000000083100000| Untracked 
|  16|0x0000000083200000, 0x00000000832fffd8, 0x0000000083300000| 99%| O|  |TAMS 0x00000000832fffd8| PB 0x0000000083200000| Untracked 
|  17|0x0000000083300000, 0x0000000083400000, 0x0000000083400000|100%| O|  |TAMS 0x0000000083400000| PB 0x0000000083300000| Untracked 
|  18|0x0000000083400000, 0x00000000834ffff0, 0x0000000083500000| 99%| O|  |TAMS 0x00000000834ffff0| PB 0x0000000083400000| Untracked 
|  19|0x0000000083500000, 0x0000000083600000, 0x0000000083600000|100%| O|  |TAMS 0x0000000083600000| PB 0x0000000083500000| Untracked 
|  20|0x0000000083600000, 0x00000000836ffff0, 0x0000000083700000| 99%| O|  |TAMS 0x00000000836ffff0| PB 0x0000000083600000| Untracked 
|  21|0x0000000083700000, 0x00000000837f7f58, 0x0000000083800000| 96%| O|  |TAMS 0x00000000837f7f58| PB 0x0000000083700000| Untracked 
|  22|0x0000000083800000, 0x0000000083900000, 0x0000000083900000|100%| O|  |TAMS 0x0000000083900000| PB 0x0000000083800000| Untracked 
|  23|0x0000000083900000, 0x0000000083900000, 0x0000000083a00000|  0%| F|  |TAMS 0x0000000083900000| PB 0x0000000083900000| Untracked 
|  24|0x0000000083a00000, 0x0000000083b00000, 0x0000000083b00000|100%| O|  |TAMS 0x0000000083b00000| PB 0x0000000083a00000| Untracked 
|  25|0x0000000083b00000, 0x0000000083c00000, 0x0000000083c00000|100%| O|  |TAMS 0x0000000083c00000| PB 0x0000000083b00000| Untracked 
|  26|0x0000000083c00000, 0x0000000083c00000, 0x0000000083d00000|  0%| F|  |TAMS 0x0000000083c00000| PB 0x0000000083c00000| Untracked 
|  27|0x0000000083d00000, 0x0000000083e00000, 0x0000000083e00000|100%| O|  |TAMS 0x0000000083e00000| PB 0x0000000083d00000| Untracked 
|  28|0x0000000083e00000, 0x0000000083f00000, 0x0000000083f00000|100%| O|  |TAMS 0x0000000083f00000| PB 0x0000000083e00000| Untracked 
|  29|0x0000000083f00000, 0x0000000083f00000, 0x0000000084000000|  0%| F|  |TAMS 0x0000000083f00000| PB 0x0000000083f00000| Untracked 
|  30|0x0000000084000000, 0x0000000084100000, 0x0000000084100000|100%| O|  |TAMS 0x0000000084100000| PB 0x0000000084000000| Untracked 
|  31|0x0000000084100000, 0x0000000084200000, 0x0000000084200000|100%| O|  |TAMS 0x0000000084200000| PB 0x0000000084100000| Untracked 
|  32|0x0000000084200000, 0x0000000084200000, 0x0000000084300000|  0%| F|  |TAMS 0x0000000084200000| PB 0x0000000084200000| Untracked 
|  33|0x0000000084300000, 0x0000000084400000, 0x0000000084400000|100%| O|  |TAMS 0x0000000084400000| PB 0x0000000084300000| Untracked 
|  34|0x0000000084400000, 0x00000000844fffd8, 0x0000000084500000| 99%| O|  |TAMS 0x00000000844fffd8| PB 0x0000000084400000| Untracked 
|  35|0x0000000084500000, 0x00000000845fffe8, 0x0000000084600000| 99%| O|  |TAMS 0x00000000845fffe8| PB 0x0000000084500000| Untracked 
|  36|0x0000000084600000, 0x00000000846ffff8, 0x0000000084700000| 99%| O|  |TAMS 0x00000000846ffff8| PB 0x0000000084600000| Untracked 
|  37|0x0000000084700000, 0x00000000847f8680, 0x0000000084800000| 97%| O|  |TAMS 0x00000000847f8680| PB 0x0000000084700000| Untracked 
|  38|0x0000000084800000, 0x0000000084900000, 0x0000000084900000|100%| O|  |TAMS 0x0000000084900000| PB 0x0000000084800000| Untracked 
|  39|0x0000000084900000, 0x0000000084a00000, 0x0000000084a00000|100%| O|  |TAMS 0x0000000084a00000| PB 0x0000000084900000| Untracked 
|  40|0x0000000084a00000, 0x0000000084b00000, 0x0000000084b00000|100%| O|  |TAMS 0x0000000084b00000| PB 0x0000000084a00000| Untracked 
|  41|0x0000000084b00000, 0x0000000084c00000, 0x0000000084c00000|100%| O|  |TAMS 0x0000000084c00000| PB 0x0000000084b00000| Untracked 
|  42|0x0000000084c00000, 0x0000000084d00000, 0x0000000084d00000|100%| O|  |TAMS 0x0000000084d00000| PB 0x0000000084c00000| Untracked 
|  43|0x0000000084d00000, 0x0000000084e00000, 0x0000000084e00000|100%| O|  |TAMS 0x0000000084e00000| PB 0x0000000084d00000| Untracked 
|  44|0x0000000084e00000, 0x0000000084f00000, 0x0000000084f00000|100%| O|  |TAMS 0x0000000084f00000| PB 0x0000000084e00000| Untracked 
|  45|0x0000000084f00000, 0x0000000085000000, 0x0000000085000000|100%| O|  |TAMS 0x0000000085000000| PB 0x0000000084f00000| Untracked 
|  46|0x0000000085000000, 0x0000000085100000, 0x0000000085100000|100%| O|  |TAMS 0x0000000085100000| PB 0x0000000085000000| Untracked 
|  47|0x0000000085100000, 0x0000000085200000, 0x0000000085200000|100%| O|  |TAMS 0x0000000085200000| PB 0x0000000085100000| Untracked 
|  48|0x0000000085200000, 0x0000000085300000, 0x0000000085300000|100%| O|  |TAMS 0x0000000085300000| PB 0x0000000085200000| Untracked 
|  49|0x0000000085300000, 0x0000000085400000, 0x0000000085400000|100%| O|  |TAMS 0x0000000085400000| PB 0x0000000085300000| Untracked 
|  50|0x0000000085400000, 0x0000000085500000, 0x0000000085500000|100%| O|  |TAMS 0x0000000085500000| PB 0x0000000085400000| Untracked 
|  51|0x0000000085500000, 0x0000000085600000, 0x0000000085600000|100%| O|  |TAMS 0x0000000085600000| PB 0x0000000085500000| Untracked 
|  52|0x0000000085600000, 0x0000000085700000, 0x0000000085700000|100%| O|  |TAMS 0x0000000085700000| PB 0x0000000085600000| Untracked 
|  53|0x0000000085700000, 0x0000000085800000, 0x0000000085800000|100%| O|  |TAMS 0x0000000085800000| PB 0x0000000085700000| Untracked 
|  54|0x0000000085800000, 0x0000000085900000, 0x0000000085900000|100%| O|  |TAMS 0x0000000085900000| PB 0x0000000085800000| Untracked 
|  55|0x0000000085900000, 0x0000000085a00000, 0x0000000085a00000|100%| O|  |TAMS 0x0000000085a00000| PB 0x0000000085900000| Untracked 
|  56|0x0000000085a00000, 0x0000000085b00000, 0x0000000085b00000|100%| O|  |TAMS 0x0000000085b00000| PB 0x0000000085a00000| Untracked 
|  57|0x0000000085b00000, 0x0000000085c00000, 0x0000000085c00000|100%| O|  |TAMS 0x0000000085c00000| PB 0x0000000085b00000| Untracked 
|  58|0x0000000085c00000, 0x0000000085c00000, 0x0000000085d00000|  0%| F|  |TAMS 0x0000000085c00000| PB 0x0000000085c00000| Untracked 
|  59|0x0000000085d00000, 0x0000000085d00000, 0x0000000085e00000|  0%| F|  |TAMS 0x0000000085d00000| PB 0x0000000085d00000| Untracked 
|  60|0x0000000085e00000, 0x0000000085e00000, 0x0000000085f00000|  0%| F|  |TAMS 0x0000000085e00000| PB 0x0000000085e00000| Untracked 
|  61|0x0000000085f00000, 0x0000000085f00000, 0x0000000086000000|  0%| F|  |TAMS 0x0000000085f00000| PB 0x0000000085f00000| Untracked 
|  62|0x0000000086000000, 0x0000000086025398, 0x0000000086100000| 14%| S|CS|TAMS 0x0000000086000000| PB 0x0000000086000000| Complete 
|  63|0x0000000086100000, 0x0000000086200000, 0x0000000086200000|100%| S|CS|TAMS 0x0000000086100000| PB 0x0000000086100000| Complete 
|  64|0x0000000086200000, 0x0000000086300000, 0x0000000086300000|100%| O|  |TAMS 0x0000000086300000| PB 0x0000000086200000| Untracked 
|  65|0x0000000086300000, 0x0000000086400000, 0x0000000086400000|100%| O|  |TAMS 0x0000000086400000| PB 0x0000000086300000| Untracked 
|  66|0x0000000086400000, 0x0000000086500000, 0x0000000086500000|100%| O|  |TAMS 0x0000000086500000| PB 0x0000000086400000| Untracked 
|  67|0x0000000086500000, 0x0000000086600000, 0x0000000086600000|100%| O|  |TAMS 0x0000000086600000| PB 0x0000000086500000| Untracked 
|  68|0x0000000086600000, 0x0000000086700000, 0x0000000086700000|100%| O|  |TAMS 0x0000000086700000| PB 0x0000000086600000| Untracked 
|  69|0x0000000086700000, 0x0000000086700000, 0x0000000086800000|  0%| F|  |TAMS 0x0000000086700000| PB 0x0000000086700000| Untracked 
|  70|0x0000000086800000, 0x0000000086800000, 0x0000000086900000|  0%| F|  |TAMS 0x0000000086800000| PB 0x0000000086800000| Untracked 
|  71|0x0000000086900000, 0x0000000086900000, 0x0000000086a00000|  0%| F|  |TAMS 0x0000000086900000| PB 0x0000000086900000| Untracked 
|  72|0x0000000086a00000, 0x0000000086a00000, 0x0000000086b00000|  0%| F|  |TAMS 0x0000000086a00000| PB 0x0000000086a00000| Untracked 
|  73|0x0000000086b00000, 0x0000000086b00000, 0x0000000086c00000|  0%| F|  |TAMS 0x0000000086b00000| PB 0x0000000086b00000| Untracked 
|  74|0x0000000086c00000, 0x0000000086c00000, 0x0000000086d00000|  0%| F|  |TAMS 0x0000000086c00000| PB 0x0000000086c00000| Untracked 
|  75|0x0000000086d00000, 0x0000000086d00000, 0x0000000086e00000|  0%| F|  |TAMS 0x0000000086d00000| PB 0x0000000086d00000| Untracked 
|  76|0x0000000086e00000, 0x0000000086e00000, 0x0000000086f00000|  0%| F|  |TAMS 0x0000000086e00000| PB 0x0000000086e00000| Untracked 
|  77|0x0000000086f00000, 0x0000000086f00000, 0x0000000087000000|  0%| F|  |TAMS 0x0000000086f00000| PB 0x0000000086f00000| Untracked 
|  78|0x0000000087000000, 0x0000000087000000, 0x0000000087100000|  0%| F|  |TAMS 0x0000000087000000| PB 0x0000000087000000| Untracked 
|  79|0x0000000087100000, 0x0000000087100000, 0x0000000087200000|  0%| F|  |TAMS 0x0000000087100000| PB 0x0000000087100000| Untracked 
|  80|0x0000000087200000, 0x0000000087200000, 0x0000000087300000|  0%| F|  |TAMS 0x0000000087200000| PB 0x0000000087200000| Untracked 
|  81|0x0000000087300000, 0x0000000087300000, 0x0000000087400000|  0%| F|  |TAMS 0x0000000087300000| PB 0x0000000087300000| Untracked 
|  82|0x0000000087400000, 0x0000000087400000, 0x0000000087500000|  0%| F|  |TAMS 0x0000000087400000| PB 0x0000000087400000| Untracked 
|  83|0x0000000087500000, 0x0000000087500000, 0x0000000087600000|  0%| F|  |TAMS 0x0000000087500000| PB 0x0000000087500000| Untracked 
|  84|0x0000000087600000, 0x0000000087600000, 0x0000000087700000|  0%| F|  |TAMS 0x0000000087600000| PB 0x0000000087600000| Untracked 
|  85|0x0000000087700000, 0x0000000087700000, 0x0000000087800000|  0%| F|  |TAMS 0x0000000087700000| PB 0x0000000087700000| Untracked 
|  86|0x0000000087800000, 0x0000000087800000, 0x0000000087900000|  0%| F|  |TAMS 0x0000000087800000| PB 0x0000000087800000| Untracked 
|  87|0x0000000087900000, 0x0000000087900000, 0x0000000087a00000|  0%| F|  |TAMS 0x0000000087900000| PB 0x0000000087900000| Untracked 
|  88|0x0000000087a00000, 0x0000000087a00000, 0x0000000087b00000|  0%| F|  |TAMS 0x0000000087a00000| PB 0x0000000087a00000| Untracked 
|  89|0x0000000087b00000, 0x0000000087b00000, 0x0000000087c00000|  0%| F|  |TAMS 0x0000000087b00000| PB 0x0000000087b00000| Untracked 
|  90|0x0000000087c00000, 0x0000000087c00000, 0x0000000087d00000|  0%| F|  |TAMS 0x0000000087c00000| PB 0x0000000087c00000| Untracked 
|  91|0x0000000087d00000, 0x0000000087d00000, 0x0000000087e00000|  0%| F|  |TAMS 0x0000000087d00000| PB 0x0000000087d00000| Untracked 
|  92|0x0000000087e00000, 0x0000000087e00000, 0x0000000087f00000|  0%| F|  |TAMS 0x0000000087e00000| PB 0x0000000087e00000| Untracked 
|  93|0x0000000087f00000, 0x0000000087f00000, 0x0000000088000000|  0%| F|  |TAMS 0x0000000087f00000| PB 0x0000000087f00000| Untracked 
|  94|0x0000000088000000, 0x0000000088000000, 0x0000000088100000|  0%| F|  |TAMS 0x0000000088000000| PB 0x0000000088000000| Untracked 
|  95|0x0000000088100000, 0x0000000088100000, 0x0000000088200000|  0%| F|  |TAMS 0x0000000088100000| PB 0x0000000088100000| Untracked 
|  96|0x0000000088200000, 0x0000000088200000, 0x0000000088300000|  0%| F|  |TAMS 0x0000000088200000| PB 0x0000000088200000| Untracked 
|  97|0x0000000088300000, 0x0000000088300000, 0x0000000088400000|  0%| F|  |TAMS 0x0000000088300000| PB 0x0000000088300000| Untracked 
|  98|0x0000000088400000, 0x0000000088400000, 0x0000000088500000|  0%| F|  |TAMS 0x0000000088400000| PB 0x0000000088400000| Untracked 
|  99|0x0000000088500000, 0x0000000088500000, 0x0000000088600000|  0%| F|  |TAMS 0x0000000088500000| PB 0x0000000088500000| Untracked 
| 100|0x0000000088600000, 0x0000000088600000, 0x0000000088700000|  0%| F|  |TAMS 0x0000000088600000| PB 0x0000000088600000| Untracked 
| 101|0x0000000088700000, 0x0000000088700000, 0x0000000088800000|  0%| F|  |TAMS 0x0000000088700000| PB 0x0000000088700000| Untracked 
| 102|0x0000000088800000, 0x0000000088800000, 0x0000000088900000|  0%| F|  |TAMS 0x0000000088800000| PB 0x0000000088800000| Untracked 
| 103|0x0000000088900000, 0x0000000088900000, 0x0000000088a00000|  0%| F|  |TAMS 0x0000000088900000| PB 0x0000000088900000| Untracked 
| 104|0x0000000088a00000, 0x0000000088a00000, 0x0000000088b00000|  0%| F|  |TAMS 0x0000000088a00000| PB 0x0000000088a00000| Untracked 
| 105|0x0000000088b00000, 0x0000000088b00000, 0x0000000088c00000|  0%| F|  |TAMS 0x0000000088b00000| PB 0x0000000088b00000| Untracked 
| 106|0x0000000088c00000, 0x0000000088c00000, 0x0000000088d00000|  0%| F|  |TAMS 0x0000000088c00000| PB 0x0000000088c00000| Untracked 
| 107|0x0000000088d00000, 0x0000000088d00000, 0x0000000088e00000|  0%| F|  |TAMS 0x0000000088d00000| PB 0x0000000088d00000| Untracked 
| 108|0x0000000088e00000, 0x0000000088e00000, 0x0000000088f00000|  0%| F|  |TAMS 0x0000000088e00000| PB 0x0000000088e00000| Untracked 
| 109|0x0000000088f00000, 0x0000000088f00000, 0x0000000089000000|  0%| F|  |TAMS 0x0000000088f00000| PB 0x0000000088f00000| Untracked 
| 110|0x0000000089000000, 0x0000000089000000, 0x0000000089100000|  0%| F|  |TAMS 0x0000000089000000| PB 0x0000000089000000| Untracked 
| 111|0x0000000089100000, 0x0000000089100000, 0x0000000089200000|  0%| F|  |TAMS 0x0000000089100000| PB 0x0000000089100000| Untracked 
| 112|0x0000000089200000, 0x0000000089200000, 0x0000000089300000|  0%| F|  |TAMS 0x0000000089200000| PB 0x0000000089200000| Untracked 
| 113|0x0000000089300000, 0x0000000089300000, 0x0000000089400000|  0%| F|  |TAMS 0x0000000089300000| PB 0x0000000089300000| Untracked 
| 114|0x0000000089400000, 0x0000000089400000, 0x0000000089500000|  0%| F|  |TAMS 0x0000000089400000| PB 0x0000000089400000| Untracked 
| 115|0x0000000089500000, 0x0000000089500000, 0x0000000089600000|  0%| F|  |TAMS 0x0000000089500000| PB 0x0000000089500000| Untracked 
| 116|0x0000000089600000, 0x0000000089600000, 0x0000000089700000|  0%| F|  |TAMS 0x0000000089600000| PB 0x0000000089600000| Untracked 
| 117|0x0000000089700000, 0x0000000089700000, 0x0000000089800000|  0%| F|  |TAMS 0x0000000089700000| PB 0x0000000089700000| Untracked 
| 118|0x0000000089800000, 0x0000000089800000, 0x0000000089900000|  0%| F|  |TAMS 0x0000000089800000| PB 0x0000000089800000| Untracked 
| 119|0x0000000089900000, 0x0000000089900000, 0x0000000089a00000|  0%| F|  |TAMS 0x0000000089900000| PB 0x0000000089900000| Untracked 
| 120|0x0000000089a00000, 0x0000000089a00000, 0x0000000089b00000|  0%| F|  |TAMS 0x0000000089a00000| PB 0x0000000089a00000| Untracked 
| 121|0x0000000089b00000, 0x0000000089b00000, 0x0000000089c00000|  0%| F|  |TAMS 0x0000000089b00000| PB 0x0000000089b00000| Untracked 
| 122|0x0000000089c00000, 0x0000000089c00000, 0x0000000089d00000|  0%| F|  |TAMS 0x0000000089c00000| PB 0x0000000089c00000| Untracked 
| 123|0x0000000089d00000, 0x0000000089d00000, 0x0000000089e00000|  0%| F|  |TAMS 0x0000000089d00000| PB 0x0000000089d00000| Untracked 
| 124|0x0000000089e00000, 0x0000000089e00000, 0x0000000089f00000|  0%| F|  |TAMS 0x0000000089e00000| PB 0x0000000089e00000| Untracked 
| 125|0x0000000089f00000, 0x0000000089f00000, 0x000000008a000000|  0%| F|  |TAMS 0x0000000089f00000| PB 0x0000000089f00000| Untracked 
| 126|0x000000008a000000, 0x000000008a000000, 0x000000008a100000|  0%| F|  |TAMS 0x000000008a000000| PB 0x000000008a000000| Untracked 
| 127|0x000000008a100000, 0x000000008a100000, 0x000000008a200000|  0%| F|  |TAMS 0x000000008a100000| PB 0x000000008a100000| Untracked 
| 128|0x000000008a200000, 0x000000008a200000, 0x000000008a300000|  0%| F|  |TAMS 0x000000008a200000| PB 0x000000008a200000| Untracked 
| 129|0x000000008a300000, 0x000000008a300000, 0x000000008a400000|  0%| F|  |TAMS 0x000000008a300000| PB 0x000000008a300000| Untracked 
| 130|0x000000008a400000, 0x000000008a400000, 0x000000008a500000|  0%| F|  |TAMS 0x000000008a400000| PB 0x000000008a400000| Untracked 
| 131|0x000000008a500000, 0x000000008a500000, 0x000000008a600000|  0%| F|  |TAMS 0x000000008a500000| PB 0x000000008a500000| Untracked 
| 132|0x000000008a600000, 0x000000008a600000, 0x000000008a700000|  0%| F|  |TAMS 0x000000008a600000| PB 0x000000008a600000| Untracked 
| 133|0x000000008a700000, 0x000000008a700000, 0x000000008a800000|  0%| F|  |TAMS 0x000000008a700000| PB 0x000000008a700000| Untracked 
| 134|0x000000008a800000, 0x000000008a800000, 0x000000008a900000|  0%| F|  |TAMS 0x000000008a800000| PB 0x000000008a800000| Untracked 
| 135|0x000000008a900000, 0x000000008a900000, 0x000000008aa00000|  0%| F|  |TAMS 0x000000008a900000| PB 0x000000008a900000| Untracked 
| 136|0x000000008aa00000, 0x000000008aa00000, 0x000000008ab00000|  0%| F|  |TAMS 0x000000008aa00000| PB 0x000000008aa00000| Untracked 
| 137|0x000000008ab00000, 0x000000008ab00000, 0x000000008ac00000|  0%| F|  |TAMS 0x000000008ab00000| PB 0x000000008ab00000| Untracked 
| 138|0x000000008ac00000, 0x000000008ac99510, 0x000000008ad00000| 59%| E|  |TAMS 0x000000008ac00000| PB 0x000000008ac00000| Complete 

Card table byte_map: [0x00000200e9420000,0x00000200e9810000] _byte_map_base: 0x00000200e900f000

Marking Bits: (CMBitMap*) 0x00000200cfe2da80
 Bits: [0x00000200e9810000, 0x00000200eb788000)

Polling page: 0x00000200cfea0000

Metaspace:

Usage:
  Non-class:     86.05 MB used.
      Class:     12.14 MB used.
       Both:     98.18 MB used.

Virtual space:
  Non-class space:      128.00 MB reserved,      86.62 MB ( 68%) committed,  2 nodes.
      Class space:        1.00 GB reserved,      12.62 MB (  1%) committed,  1 nodes.
             Both:        1.12 GB reserved,      99.25 MB (  9%) committed. 

Chunk freelists:
   Non-Class:  8.66 MB
       Class:  3.48 MB
        Both:  12.14 MB

MaxMetaspaceSize: unlimited
CompressedClassSpaceSize: 1.00 GB
Initial GC threshold: 21.00 MB
Current GC threshold: 165.44 MB
CDS: on
 - commit_granule_bytes: 65536.
 - commit_granule_words: 8192.
 - virtual_space_node_default_size: 8388608.
 - enlarge_chunks_in_place: 1.
 - use_allocation_guard: 0.


Internal statistics:

num_allocs_failed_limit: 9.
num_arena_births: 1406.
num_arena_deaths: 308.
num_vsnodes_births: 3.
num_vsnodes_deaths: 0.
num_space_committed: 1588.
num_space_uncommitted: 0.
num_chunks_returned_to_freelist: 362.
num_chunks_taken_from_freelist: 5186.
num_chunk_merges: 89.
num_chunk_splits: 3649.
num_chunks_enlarged: 2763.
num_inconsistent_stats: 0.

CodeHeap 'non-profiled nmethods': size=120000Kb used=9004Kb max_used=10306Kb free=110995Kb
 bounds [0x00000200e14e0000, 0x00000200e1f00000, 0x00000200e8a10000]
CodeHeap 'profiled nmethods': size=120000Kb used=20341Kb max_used=29858Kb free=99658Kb
 bounds [0x00000200d9a10000, 0x00000200db760000, 0x00000200e0f40000]
CodeHeap 'non-nmethods': size=5760Kb used=1811Kb max_used=1927Kb free=3948Kb
 bounds [0x00000200e0f40000, 0x00000200e11b0000, 0x00000200e14e0000]
 total_blobs=9926 nmethods=9115 adapters=714
 compilation: enabled
              stopped_count=0, restarted_count=0
 full_count=0

Compilation events (20 events):
Event: 2704.941 Thread 0x00000200eddc8de0 nmethod 20240 0x00000200da28ea90 code [0x00000200da28ee00, 0x00000200da290c88]
Event: 2704.941 Thread 0x00000200eddc8de0 20239       3       sun.util.locale.provider.TimeZoneNameUtility::retrieveDisplayName (32 bytes)
Event: 2704.941 Thread 0x00000200eddc8de0 nmethod 20239 0x00000200d9d49d90 code [0x00000200d9d49f60, 0x00000200d9d4a238]
Event: 2704.976 Thread 0x00000200eddc8de0 20241       3       java.util.concurrent.ConcurrentHashMap$CollectionView::size (8 bytes)
Event: 2704.977 Thread 0x00000200eddc8de0 nmethod 20241 0x00000200d9ce9390 code [0x00000200d9ce9540, 0x00000200d9ce9710]
Event: 2704.978 Thread 0x00000200eddc8de0 20242       3       org.springframework.web.servlet.mvc.method.annotation.AbstractMessageConverterMethodProcessor::safeExtension (143 bytes)
Event: 2704.982 Thread 0x00000200eddc8de0 nmethod 20242 0x00000200d9b83110 code [0x00000200d9b83680, 0x00000200d9b86028]
Event: 2704.982 Thread 0x00000200eddc8de0 20243       3       com.fasterxml.jackson.databind.util.internal.PrivateMaxEntriesMap::recordRead (44 bytes)
Event: 2704.984 Thread 0x00000200eddc8de0 nmethod 20243 0x00000200daa53590 code [0x00000200daa538e0, 0x00000200daa54dd8]
Event: 2704.984 Thread 0x00000200eddc8de0 20244       3       com.fasterxml.jackson.databind.util.internal.PrivateMaxEntriesMap::drainOnReadIfNeeded (55 bytes)
Event: 2704.985 Thread 0x00000200eddc8de0 nmethod 20244 0x00000200d9e48810 code [0x00000200d9e48a40, 0x00000200d9e49200]
Event: 2714.196 Thread 0x00000200eddb5990 20245       4       org.hibernate.sql.results.graph.FetchList::containsCollectionFetches (65 bytes)
Event: 2714.204 Thread 0x00000200eddb5990 nmethod 20245 0x00000200e1893010 code [0x00000200e1893200, 0x00000200e18935c0]
Event: 2714.213 Thread 0x00000200eddb5990 20246       4       org.hibernate.sql.results.graph.entity.AbstractEntityInitializer::initializeEntityInstance (397 bytes)
Event: 2714.273 Thread 0x00000200eddc8de0 20250       1       org.springframework.expression.spel.ast.RealLiteral::getLiteralValue (5 bytes)
Event: 2714.274 Thread 0x00000200eddc8de0 nmethod 20250 0x00000200e16c4c10 code [0x00000200e16c4da0, 0x00000200e16c4e68]
Event: 2714.274 Thread 0x00000200eddc8de0 20251       3       java.lang.invoke.LambdaForm$MH/0x0000020081c82400::invoke (53 bytes)
Event: 2714.274 Thread 0x00000200eddc8de0 nmethod 20251 0x00000200d9f04f10 code [0x00000200d9f05120, 0x00000200d9f05910]
Event: 2714.274 Thread 0x00000200eddc8de0 20252       3       org.springframework.expression.spel.ast.OpAnd::getValueInternal (29 bytes)
Event: 2714.275 Thread 0x00000200eddc8de0 nmethod 20252 0x00000200d9ee8690 code [0x00000200d9ee8940, 0x00000200d9ee9830]

GC Heap History (20 events):
Event: 1209.407 GC heap before
{Heap before GC invocations=49 (full 1):
 garbage-first heap   total 142336K, used 128595K [0x0000000082200000, 0x0000000100000000)
  region size 1024K, 75 young (76800K), 5 survivors (5120K)
 Metaspace       used 99205K, committed 100096K, reserved 1179648K
  class space    used 12442K, committed 12864K, reserved 1048576K
}
Event: 1209.416 GC heap after
{Heap after GC invocations=50 (full 1):
 garbage-first heap   total 142336K, used 56977K [0x0000000082200000, 0x0000000100000000)
  region size 1024K, 5 young (5120K), 5 survivors (5120K)
 Metaspace       used 99205K, committed 100096K, reserved 1179648K
  class space    used 12442K, committed 12864K, reserved 1048576K
}
Event: 1365.770 GC heap before
{Heap before GC invocations=51 (full 1):
 garbage-first heap   total 142336K, used 127633K [0x0000000082200000, 0x0000000100000000)
  region size 1024K, 75 young (76800K), 5 survivors (5120K)
 Metaspace       used 99572K, committed 100416K, reserved 1179648K
  class space    used 12462K, committed 12864K, reserved 1048576K
}
Event: 1365.779 GC heap after
{Heap after GC invocations=52 (full 1):
 garbage-first heap   total 142336K, used 57430K [0x0000000082200000, 0x0000000100000000)
  region size 1024K, 6 young (6144K), 6 survivors (6144K)
 Metaspace       used 99572K, committed 100416K, reserved 1179648K
  class space    used 12462K, committed 12864K, reserved 1048576K
}
Event: 1512.182 GC heap before
{Heap before GC invocations=52 (full 1):
 garbage-first heap   total 142336K, used 126038K [0x0000000082200000, 0x0000000100000000)
  region size 1024K, 74 young (75776K), 6 survivors (6144K)
 Metaspace       used 99815K, committed 100672K, reserved 1179648K
  class space    used 12465K, committed 12864K, reserved 1048576K
}
Event: 1512.199 GC heap after
{Heap after GC invocations=53 (full 1):
 garbage-first heap   total 142336K, used 62025K [0x0000000082200000, 0x0000000100000000)
  region size 1024K, 10 young (10240K), 10 survivors (10240K)
 Metaspace       used 99815K, committed 100672K, reserved 1179648K
  class space    used 12465K, committed 12864K, reserved 1048576K
}
Event: 1685.685 GC heap before
{Heap before GC invocations=53 (full 1):
 garbage-first heap   total 142336K, used 123465K [0x0000000082200000, 0x0000000100000000)
  region size 1024K, 70 young (71680K), 10 survivors (10240K)
 Metaspace       used 100186K, committed 101056K, reserved 1179648K
  class space    used 12495K, committed 12928K, reserved 1048576K
}
Event: 1685.694 GC heap after
{Heap after GC invocations=54 (full 1):
 garbage-first heap   total 142336K, used 63147K [0x0000000082200000, 0x0000000100000000)
  region size 1024K, 1 young (1024K), 1 survivors (1024K)
 Metaspace       used 100186K, committed 101056K, reserved 1179648K
  class space    used 12495K, committed 12928K, reserved 1048576K
}
Event: 1849.607 GC heap before
{Heap before GC invocations=55 (full 1):
 garbage-first heap   total 142336K, used 132779K [0x0000000082200000, 0x0000000100000000)
  region size 1024K, 69 young (70656K), 1 survivors (1024K)
 Metaspace       used 100396K, committed 101312K, reserved 1179648K
  class space    used 12496K, committed 12928K, reserved 1048576K
}
Event: 1849.610 GC heap after
{Heap after GC invocations=56 (full 1):
 garbage-first heap   total 142336K, used 62885K [0x0000000082200000, 0x0000000100000000)
  region size 1024K, 1 young (1024K), 1 survivors (1024K)
 Metaspace       used 100396K, committed 101312K, reserved 1179648K
  class space    used 12496K, committed 12928K, reserved 1048576K
}
Event: 1986.924 GC heap before
{Heap before GC invocations=56 (full 1):
 garbage-first heap   total 142336K, used 131493K [0x0000000082200000, 0x0000000100000000)
  region size 1024K, 69 young (70656K), 1 survivors (1024K)
 Metaspace       used 100538K, committed 101440K, reserved 1179648K
  class space    used 12497K, committed 12928K, reserved 1048576K
}
Event: 1986.942 GC heap after
{Heap after GC invocations=57 (full 1):
 garbage-first heap   total 142336K, used 62462K [0x0000000082200000, 0x0000000100000000)
  region size 1024K, 1 young (1024K), 1 survivors (1024K)
 Metaspace       used 100538K, committed 101440K, reserved 1179648K
  class space    used 12497K, committed 12928K, reserved 1048576K
}
Event: 2081.596 GC heap before
{Heap before GC invocations=57 (full 1):
 garbage-first heap   total 142336K, used 131070K [0x0000000082200000, 0x0000000100000000)
  region size 1024K, 69 young (70656K), 1 survivors (1024K)
 Metaspace       used 100697K, committed 101632K, reserved 1179648K
  class space    used 12501K, committed 12928K, reserved 1048576K
}
Event: 2081.603 GC heap after
{Heap after GC invocations=58 (full 1):
 garbage-first heap   total 142336K, used 62762K [0x0000000082200000, 0x0000000100000000)
  region size 1024K, 2 young (2048K), 2 survivors (2048K)
 Metaspace       used 100697K, committed 101632K, reserved 1179648K
  class space    used 12501K, committed 12928K, reserved 1048576K
}
Event: 2321.434 GC heap before
{Heap before GC invocations=59 (full 1):
 garbage-first heap   total 142336K, used 130346K [0x0000000082200000, 0x0000000100000000)
  region size 1024K, 68 young (69632K), 2 survivors (2048K)
 Metaspace       used 100446K, committed 101632K, reserved 1179648K
  class space    used 12425K, committed 12928K, reserved 1048576K
}
Event: 2321.441 GC heap after
{Heap after GC invocations=60 (full 1):
 garbage-first heap   total 142336K, used 62562K [0x0000000082200000, 0x0000000100000000)
  region size 1024K, 2 young (2048K), 2 survivors (2048K)
 Metaspace       used 100446K, committed 101632K, reserved 1179648K
  class space    used 12425K, committed 12928K, reserved 1048576K
}
Event: 2491.355 GC heap before
{Heap before GC invocations=60 (full 1):
 garbage-first heap   total 142336K, used 129122K [0x0000000082200000, 0x0000000100000000)
  region size 1024K, 68 young (69632K), 2 survivors (2048K)
 Metaspace       used 100496K, committed 101632K, reserved 1179648K
  class space    used 12426K, committed 12928K, reserved 1048576K
}
Event: 2491.370 GC heap after
{Heap after GC invocations=61 (full 1):
 garbage-first heap   total 142336K, used 61502K [0x0000000082200000, 0x0000000100000000)
  region size 1024K, 2 young (2048K), 2 survivors (2048K)
 Metaspace       used 100496K, committed 101632K, reserved 1179648K
  class space    used 12426K, committed 12928K, reserved 1048576K
}
Event: 2714.257 GC heap before
{Heap before GC invocations=61 (full 1):
 garbage-first heap   total 142336K, used 131134K [0x0000000082200000, 0x0000000100000000)
  region size 1024K, 70 young (71680K), 2 survivors (2048K)
 Metaspace       used 100536K, committed 101632K, reserved 1179648K
  class space    used 12426K, committed 12928K, reserved 1048576K
}
Event: 2714.262 GC heap after
{Heap after GC invocations=62 (full 1):
 garbage-first heap   total 142336K, used 61454K [0x0000000082200000, 0x0000000100000000)
  region size 1024K, 2 young (2048K), 2 survivors (2048K)
 Metaspace       used 100536K, committed 101632K, reserved 1179648K
  class space    used 12426K, committed 12928K, reserved 1048576K
}

Dll operation events (11 events):
Event: 0.017 Loaded shared library C:\Program Files\Java\jdk-21\bin\java.dll
Event: 0.093 Loaded shared library C:\Program Files\Java\jdk-21\bin\jsvml.dll
Event: 0.262 Loaded shared library C:\Program Files\Java\jdk-21\bin\net.dll
Event: 0.264 Loaded shared library C:\Program Files\Java\jdk-21\bin\nio.dll
Event: 0.267 Loaded shared library C:\Program Files\Java\jdk-21\bin\zip.dll
Event: 0.477 Loaded shared library C:\Program Files\Java\jdk-21\bin\jimage.dll
Event: 0.908 Loaded shared library C:\Program Files\Java\jdk-21\bin\management.dll
Event: 0.911 Loaded shared library C:\Program Files\Java\jdk-21\bin\management_ext.dll
Event: 2.813 Loaded shared library C:\Program Files\Java\jdk-21\bin\sunmscapi.dll
Event: 7.327 Loaded shared library C:\Program Files\Java\jdk-21\bin\verify.dll
Event: 7.868 Loaded shared library C:\Program Files\Java\jdk-21\bin\extnet.dll

Deoptimization events (20 events):
Event: 2433.532 Thread 0x00000200f4922d60 Uncommon trap: trap_request=0xffffffbe fr.pc=0x00000200e1537df0 relative=0x0000000000000410
Event: 2433.532 Thread 0x00000200f4922d60 Uncommon trap: reason=profile_predicate action=maybe_recompile pc=0x00000200e1537df0 method=org.thymeleaf.linkbuilder.StandardLinkBuilder.findCharInSequence(Ljava/lang/CharSequence;C)I @ 11 c2
Event: 2433.532 Thread 0x00000200f4922d60 DEOPT PACKING pc=0x00000200e1537df0 sp=0x000000f5d7cfa160
Event: 2433.532 Thread 0x00000200f4922d60 DEOPT UNPACKING pc=0x00000200e0f946a2 sp=0x000000f5d7cfa0f0 mode 2
Event: 2433.532 Thread 0x00000200f4922d60 Uncommon trap: trap_request=0xffffffbe fr.pc=0x00000200e1b576cc relative=0x000000000000028c
Event: 2433.532 Thread 0x00000200f4922d60 Uncommon trap: reason=profile_predicate action=maybe_recompile pc=0x00000200e1b576cc method=org.thymeleaf.linkbuilder.StandardLinkBuilder.findCharInSequence(Ljava/lang/CharSequence;C)I @ 7 c2
Event: 2433.532 Thread 0x00000200f4922d60 DEOPT PACKING pc=0x00000200e1b576cc sp=0x000000f5d7cfa140
Event: 2433.532 Thread 0x00000200f4922d60 DEOPT UNPACKING pc=0x00000200e0f946a2 sp=0x000000f5d7cfa0f8 mode 2
Event: 2433.550 Thread 0x00000200f4922d60 Uncommon trap: trap_request=0xffffffbe fr.pc=0x00000200e1b576cc relative=0x000000000000028c
Event: 2433.550 Thread 0x00000200f4922d60 Uncommon trap: reason=profile_predicate action=maybe_recompile pc=0x00000200e1b576cc method=org.thymeleaf.linkbuilder.StandardLinkBuilder.findCharInSequence(Ljava/lang/CharSequence;C)I @ 7 c2
Event: 2433.550 Thread 0x00000200f4922d60 DEOPT PACKING pc=0x00000200e1b576cc sp=0x000000f5d7cf9fe0
Event: 2433.550 Thread 0x00000200f4922d60 DEOPT UNPACKING pc=0x00000200e0f946a2 sp=0x000000f5d7cf9f98 mode 2
Event: 2466.389 Thread 0x00000200f491dea0 Uncommon trap: trap_request=0xffffff5c fr.pc=0x00000200e17f6b14 relative=0x0000000000000474
Event: 2466.389 Thread 0x00000200f491dea0 Uncommon trap: reason=speculate_null_check action=make_not_entrant pc=0x00000200e17f6b14 method=java.net.URLClassLoader.findResource(Ljava/lang/String;)Ljava/net/URL; @ 21 c2
Event: 2466.389 Thread 0x00000200f491dea0 DEOPT PACKING pc=0x00000200e17f6b14 sp=0x000000f5d79fad70
Event: 2466.389 Thread 0x00000200f491dea0 DEOPT UNPACKING pc=0x00000200e0f946a2 sp=0x000000f5d79fac60 mode 2
Event: 2468.055 Thread 0x00000200f491dea0 Uncommon trap: trap_request=0xffffff54 fr.pc=0x00000200e15ff488 relative=0x00000000000003e8
Event: 2468.055 Thread 0x00000200f491dea0 Uncommon trap: reason=speculate_null_assert action=make_not_entrant pc=0x00000200e15ff488 method=org.springframework.util.ObjectUtils.nullSafeEquals(Ljava/lang/Object;Ljava/lang/Object;)Z @ 8 c2
Event: 2468.055 Thread 0x00000200f491dea0 DEOPT PACKING pc=0x00000200e15ff488 sp=0x000000f5d79fa150
Event: 2468.055 Thread 0x00000200f491dea0 DEOPT UNPACKING pc=0x00000200e0f946a2 sp=0x000000f5d79fa070 mode 2

Classes loaded (20 events):
Event: 155.566 Loading class java/io/ObjectInputFilter
Event: 155.567 Loading class java/io/ObjectInputFilter done
Event: 155.569 Loading class java/io/ObjectInputFilter$Config$BuiltinFilterFactory
Event: 155.569 Loading class java/io/ObjectInputFilter$Config$BuiltinFilterFactory done
Event: 155.569 Loading class jdk/internal/access/JavaObjectInputFilterAccess
Event: 155.569 Loading class jdk/internal/access/JavaObjectInputFilterAccess done
Event: 155.569 Loading class jdk/internal/event/DeserializationEvent
Event: 155.570 Loading class jdk/internal/event/DeserializationEvent done
Event: 155.570 Loading class java/io/ObjectInputStream$FieldValues
Event: 155.571 Loading class java/io/ObjectInputStream$GetField
Event: 155.571 Loading class java/io/ObjectInputStream$GetField done
Event: 155.571 Loading class java/io/ObjectInputStream$FieldValues done
Event: 171.097 Loading class jdk/internal/reflect/MethodHandleDoubleFieldAccessorImpl
Event: 171.099 Loading class jdk/internal/reflect/MethodHandleDoubleFieldAccessorImpl done
Event: 171.120 Loading class jdk/internal/math/FDBigInteger
Event: 171.122 Loading class jdk/internal/math/FDBigInteger done
Event: 1259.627 Loading class java/lang/StringEditor
Event: 1259.627 Loading class java/lang/StringEditor done
Event: 1593.173 Loading class java/time/LocalDateEditor
Event: 1593.173 Loading class java/time/LocalDateEditor done

Classes unloaded (20 events):
Event: 2081.765 Thread 0x00000200edd856e0 Unloading class 0x00000200812b0c00 'java/lang/invoke/LambdaForm$MH+0x00000200812b0c00'
Event: 2081.765 Thread 0x00000200edd856e0 Unloading class 0x00000200812b0000 'java/lang/invoke/LambdaForm$MH+0x00000200812b0000'
Event: 2081.765 Thread 0x00000200edd856e0 Unloading class 0x0000020081270400 'java/lang/invoke/LambdaForm$DMH+0x0000020081270400'
Event: 2081.765 Thread 0x00000200edd856e0 Unloading class 0x000002008112c400 'java/lang/invoke/LambdaForm$DMH+0x000002008112c400'
Event: 2081.765 Thread 0x00000200edd856e0 Unloading class 0x0000020081119800 'java/lang/invoke/LambdaForm$MH+0x0000020081119800'
Event: 2081.765 Thread 0x00000200edd856e0 Unloading class 0x0000020081119000 'java/lang/invoke/LambdaForm$MH+0x0000020081119000'
Event: 2081.765 Thread 0x00000200edd856e0 Unloading class 0x0000020081118800 'java/lang/invoke/LambdaForm$MH+0x0000020081118800'
Event: 2081.765 Thread 0x00000200edd856e0 Unloading class 0x0000020081118400 'java/lang/invoke/LambdaForm$MH+0x0000020081118400'
Event: 2081.765 Thread 0x00000200edd856e0 Unloading class 0x0000020081111c00 'java/lang/invoke/LambdaForm$MH+0x0000020081111c00'
Event: 2081.765 Thread 0x00000200edd856e0 Unloading class 0x0000020081039000 'java/lang/invoke/LambdaForm$MH+0x0000020081039000'
Event: 2081.765 Thread 0x00000200edd856e0 Unloading class 0x0000020081019000 'java/lang/invoke/LambdaForm$MH+0x0000020081019000'
Event: 2081.765 Thread 0x00000200edd856e0 Unloading class 0x0000020081018400 'java/lang/invoke/LambdaForm$MH+0x0000020081018400'
Event: 2081.765 Thread 0x00000200edd856e0 Unloading class 0x0000020081018000 'java/lang/invoke/LambdaForm$MH+0x0000020081018000'
Event: 2081.765 Thread 0x00000200edd856e0 Unloading class 0x0000020081017800 'java/lang/invoke/LambdaForm$MH+0x0000020081017800'
Event: 2081.765 Thread 0x00000200edd856e0 Unloading class 0x0000020081017400 'java/lang/invoke/LambdaForm$MH+0x0000020081017400'
Event: 2081.765 Thread 0x00000200edd856e0 Unloading class 0x0000020081017000 'java/lang/invoke/LambdaForm$MH+0x0000020081017000'
Event: 2081.765 Thread 0x00000200edd856e0 Unloading class 0x0000020081016400 'java/lang/invoke/LambdaForm$MH+0x0000020081016400'
Event: 2081.765 Thread 0x00000200edd856e0 Unloading class 0x0000020081015400 'java/lang/invoke/LambdaForm$MH+0x0000020081015400'
Event: 2081.765 Thread 0x00000200edd856e0 Unloading class 0x0000020081014800 'java/lang/invoke/LambdaForm$MH+0x0000020081014800'
Event: 2081.765 Thread 0x00000200edd856e0 Unloading class 0x0000020081014000 'java/lang/invoke/LambdaForm$MH+0x0000020081014000'

Classes redefined (0 events):
No events

Internal exceptions (20 events):
Event: 1882.977 Thread 0x00000200f7661280 Exception <a 'java/io/IOException'{0x0000000089cc01e8}> (0x0000000089cc01e8) 
thrown [s\open\src\hotspot\share\prims\jni.cpp, line 520]
Event: 1918.289 Thread 0x00000200f7663350 Exception <a 'java/io/IOException'{0x000000008839af30}> (0x000000008839af30) 
thrown [s\open\src\hotspot\share\prims\jni.cpp, line 520]
Event: 1918.291 Thread 0x00000200f7663350 Exception <a 'java/io/IOException'{0x000000008839bdf8}> (0x000000008839bdf8) 
thrown [s\open\src\hotspot\share\prims\jni.cpp, line 520]
Event: 1918.333 Thread 0x00000200f765fed0 Implicit null exception at 0x00000200e1c5674e to 0x00000200e1c57600
Event: 1918.344 Thread 0x00000200f765fed0 Implicit null exception at 0x00000200e1c5674e to 0x00000200e1c57600
Event: 1918.344 Thread 0x00000200f765fed0 Implicit null exception at 0x00000200e1c5674e to 0x00000200e1c57600
Event: 1918.344 Thread 0x00000200f765fed0 Implicit null exception at 0x00000200e1c5674e to 0x00000200e1c57600
Event: 1919.941 Thread 0x00000200f7663350 Exception <a 'java/io/IOException'{0x000000008839dc88}> (0x000000008839dc88) 
thrown [s\open\src\hotspot\share\prims\jni.cpp, line 520]
Event: 1919.943 Thread 0x00000200f7663350 Exception <a 'java/io/IOException'{0x000000008839e8a8}> (0x000000008839e8a8) 
thrown [s\open\src\hotspot\share\prims\jni.cpp, line 520]
Event: 1933.252 Thread 0x00000200f765fed0 Exception <a 'java/io/IOException'{0x0000000087d8ba70}> (0x0000000087d8ba70) 
thrown [s\open\src\hotspot\share\prims\jni.cpp, line 520]
Event: 1941.329 Thread 0x00000200f7663350 Exception <a 'java/io/IOException'{0x0000000087a85a00}> (0x0000000087a85a00) 
thrown [s\open\src\hotspot\share\prims\jni.cpp, line 520]
Event: 1951.441 Thread 0x00000200f7663350 Exception <a 'java/io/IOException'{0x00000000871835b0}> (0x00000000871835b0) 
thrown [s\open\src\hotspot\share\prims\jni.cpp, line 520]
Event: 1953.289 Thread 0x00000200f7663350 Exception <a 'java/io/IOException'{0x00000000871852c0}> (0x00000000871852c0) 
thrown [s\open\src\hotspot\share\prims\jni.cpp, line 520]
Event: 2052.575 Thread 0x00000200f7661280 Exception <a 'java/io/IOException'{0x0000000087e08480}> (0x0000000087e08480) 
thrown [s\open\src\hotspot\share\prims\jni.cpp, line 520]
Event: 2054.820 Thread 0x00000200f49219b0 Exception <a 'java/net/SocketException'{0x00000000879091b8}: Connection reset by peer: shutdown> (0x00000000879091b8) 
thrown [s\open\src\hotspot\share\prims\jni.cpp, line 539]
Event: 2067.459 Thread 0x00000200f4921320 Exception <a 'java/io/IOException'{0x00000000874b4920}> (0x00000000874b4920) 
thrown [s\open\src\hotspot\share\prims\jni.cpp, line 520]
Event: 2468.085 Thread 0x00000200f7661280 Exception <a 'java/io/IOException'{0x00000000876d8c98}> (0x00000000876d8c98) 
thrown [s\open\src\hotspot\share\prims\jni.cpp, line 520]
Event: 2486.156 Thread 0x00000200f7661280 Exception <a 'java/io/IOException'{0x0000000086edabb8}> (0x0000000086edabb8) 
thrown [s\open\src\hotspot\share\prims\jni.cpp, line 520]
Event: 2525.917 Thread 0x00000200f4920c90 Exception <a 'java/io/IOException'{0x000000008986abc8}> (0x000000008986abc8) 
thrown [s\open\src\hotspot\share\prims\jni.cpp, line 520]
Event: 2714.276 Thread 0x00000200f4922d60 Exception <a 'java/net/SocketException'{0x000000008ac909a0}: Connection reset by peer: shutdown> (0x000000008ac909a0) 
thrown [s\open\src\hotspot\share\prims\jni.cpp, line 539]

ZGC Phase Switch (0 events):
No events

VM Operations (20 events):
Event: 2524.947 Executing VM operation: RendezvousGCThreads
Event: 2524.947 Executing VM operation: RendezvousGCThreads done
Event: 2525.954 Executing VM operation: Cleanup
Event: 2525.955 Executing VM operation: Cleanup done
Event: 2528.984 Executing VM operation: Cleanup
Event: 2528.984 Executing VM operation: Cleanup done
Event: 2645.274 Executing VM operation: HandshakeAllThreads (HandshakeForDeflation)
Event: 2645.274 Executing VM operation: HandshakeAllThreads (HandshakeForDeflation) done
Event: 2645.274 Executing VM operation: RendezvousGCThreads
Event: 2645.274 Executing VM operation: RendezvousGCThreads done
Event: 2705.436 Executing VM operation: HandshakeAllThreads (HandshakeForDeflation)
Event: 2705.436 Executing VM operation: HandshakeAllThreads (HandshakeForDeflation) done
Event: 2705.436 Executing VM operation: Cleanup
Event: 2705.436 Executing VM operation: Cleanup done
Event: 2705.436 Executing VM operation: RendezvousGCThreads
Event: 2705.436 Executing VM operation: RendezvousGCThreads done
Event: 2710.473 Executing VM operation: Cleanup
Event: 2710.473 Executing VM operation: Cleanup done
Event: 2714.257 Executing VM operation: G1CollectForAllocation (G1 Evacuation Pause)
Event: 2714.265 Executing VM operation: G1CollectForAllocation (G1 Evacuation Pause) done

Events (20 events):
Event: 2081.838 Thread 0x00000200edd856e0 flushing nmethod 0x00000200e14e5090
Event: 2081.838 Thread 0x00000200edd856e0 flushing nmethod 0x00000200e1500990
Event: 2081.838 Thread 0x00000200edd856e0 flushing nmethod 0x00000200e14e3e10
Event: 2081.838 Thread 0x00000200edd856e0 flushing nmethod 0x00000200e14ffe10
Event: 2081.838 Thread 0x00000200edd856e0 flushing nmethod 0x00000200e14ff510
Event: 2081.838 Thread 0x00000200edd856e0 flushing nmethod 0x00000200e14fdf90
Event: 2081.838 Thread 0x00000200edd856e0 flushing nmethod 0x00000200e14fd110
Event: 2081.838 Thread 0x00000200edd856e0 flushing nmethod 0x00000200e14fbf10
Event: 2081.838 Thread 0x00000200edd856e0 flushing nmethod 0x00000200e14fbb90
Event: 2081.838 Thread 0x00000200edd856e0 flushing nmethod 0x00000200e14faf90
Event: 2081.838 Thread 0x00000200edd856e0 flushing nmethod 0x00000200e14f7210
Event: 2081.838 Thread 0x00000200edd856e0 flushing nmethod 0x00000200e14f5c90
Event: 2081.838 Thread 0x00000200edd856e0 flushing nmethod 0x00000200e14f5690
Event: 2081.838 Thread 0x00000200edd856e0 flushing nmethod 0x00000200e14f4d10
Event: 2081.838 Thread 0x00000200edd856e0 flushing nmethod 0x00000200e14f4590
Event: 2081.838 Thread 0x00000200edd856e0 flushing nmethod 0x00000200e14ece90
Event: 2081.838 Thread 0x00000200edd856e0 flushing nmethod 0x00000200e14e9c10
Event: 2081.838 Thread 0x00000200edd856e0 flushing nmethod 0x00000200e14ef310
Event: 2081.838 Thread 0x00000200edd856e0 flushing nmethod 0x00000200e14ef010
Event: 2081.838 Thread 0x00000200edd856e0 flushing nmethod 0x00000200e14e0a10


Dynamic libraries:
0x00007ff610260000 - 0x00007ff610270000 	C:\Program Files\Java\jdk-21\bin\javaw.exe
0x00007fffeebf0000 - 0x00007fffeede8000 	C:\WINDOWS\SYSTEM32\ntdll.dll
0x00007fffeeaf0000 - 0x00007fffeebad000 	C:\WINDOWS\System32\KERNEL32.DLL
0x00007fffec5e0000 - 0x00007fffec8d6000 	C:\WINDOWS\System32\KERNELBASE.dll
0x00007fffec950000 - 0x00007fffeca50000 	C:\WINDOWS\System32\ucrtbase.dll
0x00007fffd8fa0000 - 0x00007fffd8fb9000 	C:\Program Files\Java\jdk-21\bin\jli.dll
0x00007fffee470000 - 0x00007fffee520000 	C:\WINDOWS\System32\ADVAPI32.dll
0x00007fffee9d0000 - 0x00007fffeea6e000 	C:\WINDOWS\System32\msvcrt.dll
0x00007fffed5d0000 - 0x00007fffed670000 	C:\WINDOWS\System32\sechost.dll
0x00007fffed230000 - 0x00007fffed353000 	C:\WINDOWS\System32\RPCRT4.dll
0x00007fffecaf0000 - 0x00007fffecb17000 	C:\WINDOWS\System32\bcrypt.dll
0x00007fffee2c0000 - 0x00007fffee45f000 	C:\WINDOWS\System32\USER32.dll
0x00007fffec450000 - 0x00007fffec472000 	C:\WINDOWS\System32\win32u.dll
0x00007fffeeac0000 - 0x00007fffeeaeb000 	C:\WINDOWS\System32\GDI32.dll
0x00007fffec330000 - 0x00007fffec447000 	C:\WINDOWS\System32\gdi32full.dll
0x00007fffeca50000 - 0x00007fffecaed000 	C:\WINDOWS\System32\msvcp_win.dll
0x00007fffd3470000 - 0x00007fffd348b000 	C:\Program Files\Java\jdk-21\bin\VCRUNTIME140.dll
0x00007fffdf8c0000 - 0x00007fffdfb5a000 	C:\WINDOWS\WinSxS\amd64_microsoft.windows.common-controls_6595b64144ccf1df_6.0.19041.4355_none_60b8b9eb71f62e16\COMCTL32.dll
0x00007fffe2040000 - 0x00007fffe204a000 	C:\WINDOWS\SYSTEM32\VERSION.dll
0x00007fffeea80000 - 0x00007fffeeab2000 	C:\WINDOWS\System32\IMM32.DLL
0x00007fffe3350000 - 0x00007fffe335c000 	C:\Program Files\Java\jdk-21\bin\vcruntime140_1.dll
0x00007fffbcc80000 - 0x00007fffbcd0e000 	C:\Program Files\Java\jdk-21\bin\msvcp140.dll
0x00007fff91c70000 - 0x00007fff92985000 	C:\Program Files\Java\jdk-21\bin\server\jvm.dll
0x00007fffed4e0000 - 0x00007fffed54b000 	C:\WINDOWS\System32\WS2_32.dll
0x00007fffec0f0000 - 0x00007fffec13b000 	C:\WINDOWS\SYSTEM32\POWRPROF.dll
0x00007fffdf670000 - 0x00007fffdf697000 	C:\WINDOWS\SYSTEM32\WINMM.dll
0x00007fffec0d0000 - 0x00007fffec0e2000 	C:\WINDOWS\SYSTEM32\UMPDC.dll
0x00007fffeaab0000 - 0x00007fffeaac2000 	C:\WINDOWS\SYSTEM32\kernel.appcore.dll
0x00007fffdfc90000 - 0x00007fffdfc9a000 	C:\Program Files\Java\jdk-21\bin\jimage.dll
0x00007fffe6e80000 - 0x00007fffe7064000 	C:\WINDOWS\SYSTEM32\DBGHELP.DLL
0x00007fffe30c0000 - 0x00007fffe30f4000 	C:\WINDOWS\SYSTEM32\dbgcore.DLL
0x00007fffec2a0000 - 0x00007fffec322000 	C:\WINDOWS\System32\bcryptPrimitives.dll
0x00007fffd30c0000 - 0x00007fffd30df000 	C:\Program Files\Java\jdk-21\bin\java.dll
0x00007fffed740000 - 0x00007fffedeab000 	C:\WINDOWS\System32\SHELL32.dll
0x00007fffea300000 - 0x00007fffeaa9d000 	C:\WINDOWS\SYSTEM32\windows.storage.dll
0x00007fffedf60000 - 0x00007fffee2b3000 	C:\WINDOWS\System32\combase.dll
0x00007fffebbf0000 - 0x00007fffebc1e000 	C:\WINDOWS\SYSTEM32\Wldp.dll
0x00007fffed360000 - 0x00007fffed42d000 	C:\WINDOWS\System32\OLEAUT32.dll
0x00007fffed430000 - 0x00007fffed4dd000 	C:\WINDOWS\System32\SHCORE.dll
0x00007fffecc80000 - 0x00007fffeccd5000 	C:\WINDOWS\System32\shlwapi.dll
0x00007fffec1d0000 - 0x00007fffec1f4000 	C:\WINDOWS\SYSTEM32\profapi.dll
0x00007fffbc380000 - 0x00007fffbc457000 	C:\Program Files\Java\jdk-21\bin\jsvml.dll
0x00007fffddcc0000 - 0x00007fffddcd0000 	C:\Program Files\Java\jdk-21\bin\net.dll
0x00007fffe3730000 - 0x00007fffe383a000 	C:\WINDOWS\SYSTEM32\WINHTTP.dll
0x00007fffeb950000 - 0x00007fffeb9ba000 	C:\WINDOWS\system32\mswsock.dll
0x00007fffd3090000 - 0x00007fffd30a6000 	C:\Program Files\Java\jdk-21\bin\nio.dll
0x00007fffd3070000 - 0x00007fffd3088000 	C:\Program Files\Java\jdk-21\bin\zip.dll
0x00007fffdd020000 - 0x00007fffdd02a000 	C:\Program Files\Java\jdk-21\bin\management.dll
0x00007fffd8f90000 - 0x00007fffd8f9b000 	C:\Program Files\Java\jdk-21\bin\management_ext.dll
0x00007fffeea70000 - 0x00007fffeea78000 	C:\WINDOWS\System32\PSAPI.DLL
0x00007fffd79e0000 - 0x00007fffd79ee000 	C:\Program Files\Java\jdk-21\bin\sunmscapi.dll
0x00007fffec480000 - 0x00007fffec5de000 	C:\WINDOWS\System32\CRYPT32.dll
0x00007fffebc60000 - 0x00007fffebc89000 	C:\WINDOWS\SYSTEM32\ncrypt.dll
0x00007fffebc20000 - 0x00007fffebc5b000 	C:\WINDOWS\SYSTEM32\NTASN1.dll
0x00007fffebb40000 - 0x00007fffebb58000 	C:\WINDOWS\SYSTEM32\CRYPTSP.dll
0x00007fffeb270000 - 0x00007fffeb2a4000 	C:\WINDOWS\system32\rsaenh.dll
0x00007fffec180000 - 0x00007fffec1ae000 	C:\WINDOWS\SYSTEM32\USERENV.dll
0x00007fffebb60000 - 0x00007fffebb6c000 	C:\WINDOWS\SYSTEM32\CRYPTBASE.dll
0x00007fffeb630000 - 0x00007fffeb66b000 	C:\WINDOWS\SYSTEM32\IPHLPAPI.DLL
0x00007fffed670000 - 0x00007fffed678000 	C:\WINDOWS\System32\NSI.dll
0x00007fffd4750000 - 0x00007fffd4760000 	C:\Program Files\Java\jdk-21\bin\verify.dll
0x00007fffeb670000 - 0x00007fffeb73b000 	C:\WINDOWS\SYSTEM32\DNSAPI.dll
0x00007fffdf370000 - 0x00007fffdf37a000 	C:\Windows\System32\rasadhlp.dll
0x00007fffdf390000 - 0x00007fffdf410000 	C:\WINDOWS\System32\fwpuclnt.dll
0x00007fffd3fb0000 - 0x00007fffd3fb7000 	C:\Program Files\Java\jdk-21\bin\extnet.dll
0x00007fff7f3b0000 - 0x00007fff7f3b7000 	C:\WINDOWS\system32\wshunix.dll

dbghelp: loaded successfully - version: 4.0.5 - missing functions: none
symbol engine: initialized successfully - sym options: 0x614 - pdb path: .;C:\Program Files\Java\jdk-21\bin;C:\WINDOWS\SYSTEM32;C:\WINDOWS\WinSxS\amd64_microsoft.windows.common-controls_6595b64144ccf1df_6.0.19041.4355_none_60b8b9eb71f62e16;C:\Program Files\Java\jdk-21\bin\server

VM Arguments:
jvm_args: -Dfile.encoding=UTF-8 -Dstdout.encoding=UTF-8 -Dstderr.encoding=UTF-8 -XX:+ShowCodeDetailsInExceptionMessages 
java_command: com.mymart.MyMartApplication
java_class_path (initial): D:\EclipsPracticle\MyMart\MyMart\target\classes;C:\Users\DTLP39\.m2\repository\org\springframework\boot\spring-boot-starter-data-jpa\3.2.3\spring-boot-starter-data-jpa-3.2.3.jar;C:\Users\DTLP39\.m2\repository\org\springframework\boot\spring-boot-starter-aop\3.2.3\spring-boot-starter-aop-3.2.3.jar;C:\Users\DTLP39\.m2\repository\org\aspectj\aspectjweaver\1.9.21\aspectjweaver-1.9.21.jar;C:\Users\DTLP39\.m2\repository\org\springframework\boot\spring-boot-starter-jdbc\3.2.3\spring-boot-starter-jdbc-3.2.3.jar;C:\Users\DTLP39\.m2\repository\com\zaxxer\HikariCP\5.0.1\HikariCP-5.0.1.jar;C:\Users\DTLP39\.m2\repository\org\springframework\spring-jdbc\6.1.4\spring-jdbc-6.1.4.jar;C:\Users\DTLP39\.m2\repository\org\hibernate\orm\hibernate-core\6.4.4.Final\hibernate-core-6.4.4.Final.jar;C:\Users\DTLP39\.m2\repository\jakarta\persistence\jakarta.persistence-api\3.1.0\jakarta.persistence-api-3.1.0.jar;C:\Users\DTLP39\.m2\repository\jakarta\transaction\jakarta.transaction-api\2.0.1\jakarta.transaction-api-2.0.1.jar;C:\Users\DTLP39\.m2\repository\org\jboss\logging\jboss-logging\3.5.3.Final\jboss-logging-3.5.3.Final.jar;C:\Users\DTLP39\.m2\repository\org\hibernate\common\hibernate-commons-annotations\6.0.6.Final\hibernate-commons-annotations-6.0.6.Final.jar;C:\Users\DTLP39\.m2\repository\io\smallrye\jandex\3.1.2\jandex-3.1.2.jar;C:\Users\DTLP39\.m2\repository\com\fasterxml\classmate\1.6.0\classmate-1.6.0.jar;C:\Users\DTLP39\.m2\repository\net\bytebuddy\byte-buddy\1.14.12\byte-buddy-1.14.12.jar;C:\Users\DTLP39\.m2\repository\org\glassfish\jaxb\jaxb-runtime\4.0.4\jaxb-runtime-4.0.4.jar;C:\Users\DTLP39\.m2\repository\org\glassfish\jaxb\jaxb-core\4.0.4\jaxb-core-4.0.4.jar;C:\Users\DTLP39\.m2\repository\org\glassfish\jaxb\txw2\4.0.4\txw2-4.0.4.jar;C:\Users\DTLP39\.m2\repository\com\sun\istack\istack-commons-runtime\4.1.2\istack-commons-runtime-4.1.2.jar;C:\Users\DTLP39\.m2\repository\jakarta\inject\jakarta.inject-api\2.0.1\jakarta.inject-api-2.0.1.jar;C:\Users\DTLP39\.m2\repository\org\antlr\antlr4-runtime\4.13.0\antlr4-runtime-4.13.0.jar;C:\Users\DTLP39\.m2\repository\org\springframework\data\spring-data-jpa\3.2.3\spring-data-jpa-3.2.3.jar;C:\Users\DTLP39\.m2\repository\org\springframework\data\spring-data-commons\3.2.3\spring-data-commons-3.2.3.jar;C:\Users\DTLP39\.m2\repository\org\springframework\spring-orm\6.1.4\spring-orm-6.1.4.jar;C:\Users\DTLP39\.m2\repository\org\springframework\spring-context\6.1.4\spring-context-6.1.4.jar;C:\Users\DTLP39\.m2\repository\org\springframework\spring-tx\6.1.4\spring-tx-6.1.4.jar;C:\Users\DTLP39\.m2\repository\org\springframework\spring-beans\6.1.4\spring-beans-6.1.4.jar;C:\Users\DTLP39\.m2\repository\jakarta\annotation\jakarta.annotation-api\2.1.1\jakarta.annotation-api-2.1.1.jar;C:\Users\DTLP39\.m2\repository\org\springframework\spring-aspects\6.1.4\spring-aspects-6.1.4.jar;C:\Users\DTLP39\.m2\repository\org\springframework\boot\spring-boot-starter-security\3.2.3\spring-boot-starter-security-3.2.3.jar;C:\Users\DTLP39\.m2\repository\org\springframework\boot\spring-boot-starter\3.2.3\spring-boot-starter-3.2.3.jar;C:\Users\DTLP39\.m2\repository\org\springframework\boot\spring-boot-starter-logging\3.2.3\spring-boot-starter-logging-3.2.3.jar;C:\Users\DTLP39\.m2\repository\ch\qos\logback\logback-classic\1.4.14\logback-classic-1.4.14.jar;C:\Users\DTLP39\.m2\repository\ch\qos\logback\logback-core\1.4.14\logback-core-1.4.14.jar;C:\Users\DTLP39\.m2\repository\org\apache\logging\log4j\log4j-to-slf4j\2.21.1\log4j-to-slf4j-2.21.1.jar;C:\Users\DTLP39\.m2\repository\org\apache\logging\log4j\log4j-api\2.21.1\log4j-api-2.21.1.jar;C:\Users\DTLP39\.m2\repository\org\slf4j\jul-to-slf4j\2.0.12\jul-to-slf4j-2.0.12.jar;C:\Users\DTLP39\.m2\repository\org\yaml\snakeyaml\2.2\snakeyaml-2.2.jar;C:\Users\DTLP39\.m2\repository\org\springframework\spring-aop\6.1.4\spring-aop-6.1.4.jar;C:\Users\DTLP39\.m2\repository\org\springframework\security\spring-security-config\6.2.2\spring-security-config-6.2.2.jar;C:\Users\DTLP39\.m2\repository\org\springframework\security\spring-security-web\6.2.2\spring-security-web-6.2.2.jar;C:\Users\DTLP39\.m2\repository\org\springframework\spring-expression\6.1.4\spring-expression-6.1.4.jar;C:\Users\DTLP39\.m2\repository\org\springframework\boot\spring-boot-starter-thymeleaf\3.2.3\spring-boot-starter-thymeleaf-3.2.3.jar;C:\Users\DTLP39\.m2\repository\org\thymeleaf\thymeleaf-spring6\3.1.2.RELEASE\thymeleaf-spring6-3.1.2.RELEASE.jar;C:\Users\DTLP39\.m2\repository\org\thymeleaf\thymeleaf\3.1.2.RELEASE\thymeleaf-3.1.2.RELEASE.jar;C:\Users\DTLP39\.m2\repository\org\attoparser\attoparser\2.0.7.RELEASE\attoparser-2.0.7.RELEASE.jar;C:\Users\DTLP39\.m2\repository\org\unbescape\unbescape\1.1.6.RELEASE\unbescape-1.1.6.RELEASE.jar;C:\Users\DTLP39\.m2\repository\org\springframework\boot\spring-boot-starter-validation\3.2.3\spring-boot-starter-validation-3.2.3.jar;C:\Users\DTLP39\.m2\repository\org\apache\tomcat\embed\tomcat-embed-el\10.1.19\tomcat-embed-el-10.1.19.jar;C:\Users\DTLP39\.m2\repository\org\hibernate\validator\hibernate-validator\8.0.1.Final\hibernate-validator-8.0.1.Final.jar;C:\Users\DTLP39\.m2\repository\jakarta\validation\jakarta.validation-api\3.0.2\jakarta.validation-api-3.0.2.jar;C:\Users\DTLP39\.m2\repository\org\springframework\boot\spring-boot-starter-web\3.2.3\spring-boot-starter-web-3.2.3.jar;C:\Users\DTLP39\.m2\repository\org\springframework\boot\spring-boot-starter-json\3.2.3\spring-boot-starter-json-3.2.3.jar;C:\Users\DTLP39\.m2\repository\com\fasterxml\jackson\core\jackson-databind\2.15.4\jackson-databind-2.15.4.jar;C:\Users\DTLP39\.m2\repository\com\fasterxml\jackson\core\jackson-annotations\2.15.4\jackson-annotations-2.15.4.jar;C:\Users\DTLP39\.m2\repository\com\fasterxml\jackson\core\jackson-core\2.15.4\jackson-core-2.15.4.jar;C:\Users\DTLP39\.m2\repository\com\fasterxml\jackson\datatype\jackson-datatype-jdk8\2.15.4\jackson-datatype-jdk8-2.15.4.jar;C:\Users\DTLP39\.m2\repository\com\fasterxml\jackson\datatype\jackson-datatype-jsr310\2.15.4\jackson-datatype-jsr310-2.15.4.jar;C:\Users\DTLP39\.m2\repository\com\fasterxml\jackson\module\jackson-module-parameter-names\2.15.4\jackson-module-parameter-names-2.15.4.jar;C:\Users\DTLP39\.m2\repository\org\springframework\boot\spring-boot-starter-tomcat\3.2.3\spring-boot-starter-tomcat-3.2.3.jar;C:\Users\DTLP39\.m2\repository\org\apache\tomcat\embed\tomcat-embed-core\10.1.19\tomcat-embed-core-10.1.19.jar;C:\Users\DTLP39\.m2\repository\org\apache\tomcat\embed\tomcat-embed-websocket\10.1.19\tomcat-embed-websocket-10.1.19.jar;C:\Users\DTLP39\.m2\repository\org\springframework\spring-web\6.1.4\spring-web-6.1.4.jar;C:\Users\DTLP39\.m2\repository\io\micrometer\micrometer-observation\1.12.3\micrometer-observation-1.12.3.jar;C:\Users\DTLP39\.m2\repository\io\micrometer\micrometer-commons\1.12.3\micrometer-commons-1.12.3.jar;C:\Users\DTLP39\.m2\repository\org\springframework\spring-webmvc\6.1.4\spring-webmvc-6.1.4.jar;C:\Users\DTLP39\.m2\repository\org\thymeleaf\extras\thymeleaf-extras-springsecurity6\3.1.2.RELEASE\thymeleaf-extras-springsecurity6-3.1.2.RELEASE.jar;C:\Users\DTLP39\.m2\repository\org\slf4j\slf4j-api\2.0.12\slf4j-api-2.0.12.jar;C:\Users\DTLP39\.m2\repository\org\springframework\boot\spring-boot-devtools\3.2.3\spring-boot-devtools-3.2.3.jar;C:\Users\DTLP39\.m2\repository\org\springframework\boot\spring-boot\3.2.3\spring-boot-3.2.3.jar;C:\Users\DTLP39\.m2\repository\org\springframework\boot\spring-boot-autoconfigure\3.2.3\spring-boot-autoconfigure-3.2.3.jar;C:\Users\DTLP39\.m2\repository\com\mysql\mysql-connector-j\8.3.0\mysql-connector-j-8.3.0.jar;C:\Users\DTLP39\.m2\repository\jakarta\xml\bind\jakarta.xml.bind-api\4.0.1\jakarta.xml.bind-api-4.0.1.jar;C:\Users\DTLP39\.m2\repository\jakarta\activation\jakarta.activation-api\2.1.2\jakarta.activation-api-2.1.2.jar;C:\Users\DTLP39\.m2\repository\org\springframework\spring-core\6.1.4\spring-core-6.1.4.jar;C:\Users\DTLP39\.m2\repository\org\springframework\spring-jcl\6.1.4\spring-jcl-6.1.4.jar;C:\Users\DTLP39\.m2\repository\org\springframework\security\spring-security-core\6.2.2\spring-security-core-6.2.2.jar;C:\Users\DTLP39\.m2\repository\org\springframework\security\spring-security-crypto\6.2.2\spring-security-crypto-6.2.2.jar;C:\Users\DTLP39\.m2\repository\com\razorpay\razorpay-java\1.4.6\razorpay-java-1.4.6.jar;C:\Users\DTLP39\.m2\repository\com\squareup\okhttp3\okhttp\4.12.0\okhttp-4.12.0.jar;C:\Users\DTLP39\.m2\repository\com\squareup\okio\okio\3.6.0\okio-3.6.0.jar;C:\Users\DTLP39\.m2\repository\com\squareup\okio\okio-jvm\3.6.0\okio-jvm-3.6.0.jar;C:\Users\DTLP39\.m2\repository\org\jetbrains\kotlin\kotlin-stdlib-common\1.9.22\kotlin-stdlib-common-1.9.22.jar;C:\Users\DTLP39\.m2\repository\org\jetbrains\kotlin\kotlin-stdlib-jdk8\1.9.22\kotlin-stdlib-jdk8-1.9.22.jar;C:\Users\DTLP39\.m2\repository\org\jetbrains\kotlin\kotlin-stdlib\1.9.22\kotlin-stdlib-1.9.22.jar;C:\Users\DTLP39\.m2\repository\org\jetbrains\annotations\13.0\annotations-13.0.jar;C:\Users\DTLP39\.m2\repository\org\jetbrains\kotlin\kotlin-stdlib-jdk7\1.9.22\kotlin-stdlib-jdk7-1.9.22.jar;C:\Users\DTLP39\.m2\repository\com\squareup\okhttp3\logging-interceptor\4.12.0\logging-interceptor-4.12.0.jar;C:\Users\DTLP39\.m2\repository\commons-codec\commons-codec\1.16.1\commons-codec-1.16.1.jar;C:\Users\DTLP39\.m2\repository\org\apache\commons\commons-text\1.3\commons-text-1.3.jar;C:\Users\DTLP39\.m2\repository\org\apache\commons\commons-lang3\3.13.0\commons-lang3-3.13.0.jar;C:\Users\DTLP39\.m2\repository\org\json\json\20210307\json-20210307.jar;C:\Users\DTLP39\.m2\repository\com\google\code\gson\gson\2.6.2\gson-2.6.2.jar;C:\Users\DTLP39\.m2\repository\org\springframework\boot\spring-boot-starter-mail\3.2.3\spring-boot-starter-mail-3.2.3.jar;C:\Users\DTLP39\.m2\repository\org\springframework\spring-context-support\6.1.4\spring-context-support-6.1.4.jar;C:\Users\DTLP39\.m2\repository\org\eclipse\angus\jakarta.mail\2.0.2\jakarta.mail-2.0.2.jar;C:\Users\DTLP39\.m2\repository\org\eclipse\angus\angus-activation\2.0.1\angus-activation-2.0.1.jar
Launcher Type: SUN_STANDARD

[Global flags]
     intx CICompilerCount                          = 3                                         {product} {ergonomic}
     uint ConcGCThreads                            = 1                                         {product} {ergonomic}
     uint G1ConcRefinementThreads                  = 4                                         {product} {ergonomic}
   size_t G1HeapRegionSize                         = 1048576                                   {product} {ergonomic}
    uintx GCDrainStackTargetSize                   = 64                                        {product} {ergonomic}
   size_t InitialHeapSize                          = 132120576                                 {product} {ergonomic}
   size_t MarkStackSize                            = 4194304                                   {product} {ergonomic}
   size_t MaxHeapSize                              = 2111832064                                {product} {ergonomic}
   size_t MaxNewSize                               = 1266679808                                {product} {ergonomic}
   size_t MinHeapDeltaBytes                        = 1048576                                   {product} {ergonomic}
   size_t MinHeapSize                              = 8388608                                   {product} {ergonomic}
    uintx NonNMethodCodeHeapSize                   = 5832780                                {pd product} {ergonomic}
    uintx NonProfiledCodeHeapSize                  = 122912730                              {pd product} {ergonomic}
    uintx ProfiledCodeHeapSize                     = 122912730                              {pd product} {ergonomic}
    uintx ReservedCodeCacheSize                    = 251658240                              {pd product} {ergonomic}
     bool SegmentedCodeCache                       = true                                      {product} {ergonomic}
     bool ShowCodeDetailsInExceptionMessages       = true                                   {manageable} {command line}
   size_t SoftMaxHeapSize                          = 2111832064                             {manageable} {ergonomic}
     bool UseCompressedOops                        = true                           {product lp64_product} {ergonomic}
     bool UseG1GC                                  = true                                      {product} {ergonomic}
     bool UseLargePagesIndividualAllocation        = false                                  {pd product} {ergonomic}

Logging:
Log output configuration:
 #0: stdout all=warning uptime,level,tags foldmultilines=false
 #1: stderr all=off uptime,level,tags foldmultilines=false

Environment Variables:
PATH=C:/Users/DTLP39/.p2/pool/plugins/org.eclipse.justj.openjdk.hotspot.jre.full.win32.x86_64_17.0.10.v20240120-1143/jre/bin/server;C:/Users/DTLP39/.p2/pool/plugins/org.eclipse.justj.openjdk.hotspot.jre.full.win32.x86_64_17.0.10.v20240120-1143/jre/bin;C:\Program Files\Common Files\Oracle\Java\javapath;C:\WINDOWS\system32;C:\WINDOWS;C:\WINDOWS\System32\Wbem;C:\WINDOWS\System32\WindowsPowerShell\v1.0\;C:\WINDOWS\System32\OpenSSH\;C:\Program Files\Java\jdk-21\bin;C:\Program Files\dotnet\;C:\Program Files (x86)\Intel\Intel(R) Management Engine Components\DAL;C:\Program Files\Intel\Intel(R) Management Engine Components\DAL;C:\Program Files\MySQL\MySQL Server 8.0\bin;C:\Program Files\MySQL\MySQL Server 8.0\bin;C:\Program Files\nodejs\;C:\Users\DTLP39\AppData\Local\Microsoft\WindowsApps;C:\Users\DTLP39\AppData\Local\Programs\Microsoft VS Code\bin;C:\Users\DTLP39\AppData\Local\Programs\Git\cmd;C:\Users\DTLP39\AppData\Roaming\npm;C:\Users\DTLP39\Desktop;
USERNAME=DTLP39
OS=Windows_NT
PROCESSOR_IDENTIFIER=Intel64 Family 6 Model 142 Stepping 9, GenuineIntel
TMP=C:\Users\DTLP39\AppData\Local\Temp
TEMP=C:\Users\DTLP39\AppData\Local\Temp




Periodic native trim disabled

---------------  S Y S T E M  ---------------

OS:
 Windows 10 , 64 bit Build 19041 (10.0.19041.3636)
OS uptime: 19 days 17:30 hours

CPU: total 4 (initial active 4) (2 cores per cpu, 2 threads per core) family 6 model 142 stepping 9 microcode 0xf4, cx8, cmov, fxsr, ht, mmx, 3dnowpref, sse, sse2, sse3, ssse3, sse4.1, sse4.2, popcnt, lzcnt, tsc, tscinvbit, avx, avx2, aes, erms, clmul, bmi1, bmi2, rtm, adx, fma, vzeroupper, clflush, clflushopt, rdtscp, f16c
Processor Information for all 4 processors :
  Max Mhz: 2712, Current Mhz: 2611, Mhz Limit: 2603

Memory: 4k page, system-wide physical 8050M (383M free)
TotalPageFile size 20470M (AvailPageFile size 2M)
current process WorkingSet (physical memory assigned to process): 354M, peak: 415M
current process commit charge ("private bytes"): 431M, peak: 446M

vm_info: Java HotSpot(TM) 64-Bit Server VM (21.0.1+12-LTS-29) for windows-amd64 JRE (21.0.1+12-LTS-29), built on 2023-10-05T13:27:09Z by "mach5one" with MS VC++ 17.1 (VS2022)

END.
